Titan Mitchell
2327159
tmitchell@chapman.edu
CPSC 350 - 02
Assignment 1 

The number of lines read in is 14
The sum of line lengths read in is 106
The mean of lengths read in is 7.57143
The variance is 36.5306
The probability of a is 0.169811
The probability of G is 0.386792
The probability of C is 0.575472
The probability of T is 1
gt
atgt
ggaaagacaattg
atg

gagtcacgata
gcccatgg
cacagtg
gc
gacttt
tata
gtt
ttgtttaggttt
tatagtgatag
caaatt
ggagattttta
gtt
gttggg
cat
ttccgtt
tgcttttctttg



ttc


gtctac
atctgctc
tc

accact
ttgtatt

ttttag
agacat
ca
gtata
tagtatc
aattttctct
gatg

tttttat

ttgttacgaa
gg
ttg
tagattt
at
gt
ctcgat
ttata

ca
tcagtctgt
gct
tgtttc

ttatttgac

cttaatttaattttat

tacacaacgtg

tactctt
t
attactatagt
gtgaaa
tttttgcta
t
tgagataga
cttaa
tttgttaagt
ctgatttatta
gt
gc
ttgatgtt
tt
gatgaggtaccgta
taat
gtat
ca
gcatggttg
gt
tagtt
ttga
taaattaatt
gtttggcagtta
ctttcgtc
tatctt
ttttctagc
tgagcacctactttg
tgtatgaaaat
c
ggtcgttt
tttatctga
cattc
ttgacaaatta
ttag
ttaa
tg

tgatat
gattg
a
aatct
caaaatttta
gcccat

gtgt
ttttattaa
tgaccttga
ctatt
gtttaaggt
tatac
acataagt
ttaat
gg

gc
tggg
ttggt
tgcagatc
tttct
gtccta
taat
cttctattttg
gatttaag
tttttttctg
tt
tctat

tgtaatgagat
gtttat
tg
tcacatgtt
ttga
tctcc
ctgt
gat
ttactgcgtat
ctttgac
ttaggta
ggctgt
tag
tctatttag
t
tgtaaca
tgct
tgtggctactg
tattcatt
gtcg
tatcg
atttctt
gaagcttcgtgc
cacta
ctctta
gagaatta
gtt
gtctt
gtgatta

ctta
taat
ttattcatgtgta
ag
gtattagaac
tcttat
ctgtactat

ggcgttaat
tag
taaag
ctccgtt
tcgtgttgt
gaactagtcg
gcttaat
ccttaatact
ct
aaga
gtatctt
atttat
gttc


gctactat
ctga
tgatttggttgtt
ttttttaga
gggatca
attt

tttaaa
tct
tcg
ttgaaa
atgtc
tgg
gttgt
tt
cctatt
gtg

tt
gctctattatagatc
gcga
tgaaatc

catacagg
tgtgac
ctatttgact
ctaaatacc
cttgc

tatttcctt
gttgtg
tatttta
t
cacttttacggt
ctttgatta

tattttttt
gtc

ttgttc
ttctattag
cattg
ttagatttt
tt
ta

gattcg
tat
g
aattcttaacgt
cgagcct
ggt
tgaac
gtt
ttgtta
gacatttct
cttttga
aaggtgctatt

gtgtattat
ttgttatcg
t
ctgtg
g
gtcatgaa
acat
t
t
tgacagt
ttatc
gcttttt
cttt
gctattac

tacttcttatggttt
tttt
cacg

tcttacttgt
gtctt
agatgt
gtgtgt
ct
ttttt
ctttttttttgt
ac

cgtttgtgtggg

ggtt
ggctta

gtccgc
ttgagtttttgaatt
ttagctc
tt
gtatcat
t
cttcatt

gaatatacg
tatat
ttatatttatg
aatga
tagattttcattg
tttgttt
tattcta
gt
atgactgtaact
gtttgc
ttttcgatatg
aaattt
aactttta
tgtgattgta
taaagaa
tactagttc
ttt
ttaatccgct
tatta
gcagaat
tttatac
c
ccgt
ttta
atacattg
taag
tttgttta
tattaa
gttcgt

gcttg
t
tattcatattta
gaccg
tttctat

cggtc
ttatt

aatt
gttttac

tt
ttgtgat
aacgga
at
ttaagcttacat
ttgcttta
ttgcc
ataag
gtttta
gctat
ttttaat
tgga
taccca
tataag
cgttgt
tttt
cttgtttcgttt
caaat
ttttgtt

a
gtcatcattcc
ag
g
taatg

attaaatttt
atcatta

cgat
tttgtacagttggtc
tgttgc
a

tttc
tatgtaaat
ctgattttt
agtatgtttgatt
tatctt
catt
aacc
tg
g
agt
ttttttt

agagaga
ac
tttta
gtcactcca
g
tcgttattatattcat
ccata
taactatgttg
tcgtt

ctaa
ctttgttgta
ctttaaag
cat

g
ctgttctc
agattcgcttt
agcag
tatttga
tatc

ctaactatatgtttt
tga
gttatgg
tact
acgtata
tctttatc
cactata

cagtttg
ttgttcttaca
c
tcgttatag
agttgtag

gtattt
cca
a
catctgc
gagga
tcaatgtaattaatg
attac
cattataactttt
ctgataatatac
ctgt
gtttttaaa
ttcaat
tt
gttctaca
ag
aggttt
atatctt
ttattcactat
cacgcg
cggatg
cgattata
ggcta
ttc
ggtgattag
ctgtg
tg
gataatttat

tgtg
t
tgttataata
tg
ttatcgtaatt
gt
ggat
gatatt
aatctaa
tttta


tctattac
ttcgg

tgt

c

tcc

ttata
tataaa
tag
tattctgacat
cat
tttatttatcaag
taaaat
gatgttacctgaatag
aataaagac
taattaat
tc
tttttat

ctaatatttt

aacttct
gcatttt
actccgact
tatgaaggtatg
gtcatga
ctttacgt
catttttttcg
tatgtttat
tttattta
gatc
gg
aggtt
ttattaggc
gaatctg

ataaatgtctct
cttttaatttag
gattg
caa
a
ct
gttact
t
tctccta
ttgtc
gtt

agtgat

atcatg
taagtta

ctttatggt

cgtcaattttgtca
tag
tttaatat
ttttact
gatattg
cttct
tatt
atgttt
tt
ggattctacag
tga
tatttgtatt
gtga
agc
tt
ctccacaacc
tcggaa
tttggtctc

gtcattcgtt
attgt
aactcagctagtt
tg
ggt

attgtaggc
tgat
gagatt
gaatgc
tta
cgatgttct
taaca

ggt
ac
tatttttctttcatgac
gacatgc

gtgtttaact
gttacc
aaccggata
ttttgtcaa
atc

tttaatc
ttgtaca
ttttttgaag
cctta
attcttc
g
taatgt
cagtgttaaa
gaaaa
atgtcctgat
tacctttttt
gttattt
tt

atga

atct
ttcta
gtttggt
aagacttcaaat

ggttc
ggtttaac
ttggtgttctatcct
gattagc
tg
ttttttgtcagc
cgacctaataa
ctgctgttg
ctgat

tgctttta
gatcatcatttt
ggag
gttttttc
ttcatg
tt
atc
tctacttt
ca
tctggcttaa
tgaata
cc
gagtcgatttt
tcgat
tggtt
tcttattg
cgtacgtt

gctcacgat

ccttattt
tt
tag
acaaact
ttg
ttttttta
aat
agaacgtttttta
tattcc
ctcacttaa
atgatttgc
tat
ttttcaga
agatttaga
tttgat
tttttc
tcttggagata
gacttc
gtacagaga


tttgtcactg

cgttt
ga
gtta
agt
ggg
ttt
gatac
gat
attatctgact
catatcgtat
tacgttaac

ctt
gagatga
tagg
catgtttat
taagtttg
gttaacagtat
agtt
tgattagata
tagttt
ttca
cttatt
tatt
g
atctta
ttccttata
tga
taatga
tttatggcattt
ttttcgatttaata
acgtgtagttt
ctttac
taaagcgtt
tg
caacacaaatggtga

ctgttaat
tgatt
attttattattgt
atg
tttatac
aaaggtttgtcga
tgaaa

tgg

caacttt
tt
ttaatct
gatagtatgtatag
g
ctt
c
gttcaggatt
cttaaatcactag
t
tatatgttt
ctgct
gctgtgttaa
acta
tttaacct
ctagaa
ctgatgtt


gactacataa

tgtttttgat
tactacta
a
c
cagg
tttgaagtg
gtt
caattat
gt

ttt
tcg
tttg

tattc
t
cttttttgttt
aatatgggc
tagtcaattctt

ctcgga
atagaggt
tcgctctgat



caatt
taccaattgtttt
ttttttt
ttattgaatgacc
gg
tttgttttt
tat
tcttattat
gtaccgaat
gtgttgggtttaacg
atag
tttttac
ccttt
tactttgac
gtgt
gta
tcggtag
gtcttcgt
ttaatatc
tattgagt
gtt
at
ccgtttgtgtagttgagat
gatacatttt
ttgtt
ttag
gactgtaggcgttaat

gctacttt
acaatct
ca

cttatgtac
cgt

tcattaagtaaa
tatgcaaag
gtttgta
tgagtatacttt
caatgatttcat
tattttt
cgactgttctat
tccattgttgttat
attttagat
ggctgc
ccaag
attatatt
agg
gaagcttatagat
ttt
tta
atatcc
cag
tgtgaataaac
ct
ttgagtggca
gttttg
tttatc
tcttg
g
c
ttg
gagaa
tt
ttat
cgaga
a
agggcttt
gcg
catgatat
gttgtaaca
ttcaatttaac
ccg
aataatgtta
attttctttacat
ttacgttcatagtttg
a
a
atag
catggactttct

tgtttaa
tttt
t
gagtcaa
gttcttca
tg
aatta
aagca
atag
ttttgct
attt
gatgcttttgga
c
atat
attttactaagtt
gtt
tagatattggtag


gtg
tttttgatg
t
ttctaacg
gctgttgta
ctcagttataag
gtag
ctaattctca
tg
tttcggaagc
ttgttc
cttt
attcacca
gtg
gaa
tgttta
tat
gagaaatcttga
tat
at
ttgac
atatccgcctttg
aatgtt
ttcatgct
gttttatttttgaatga
atttca
tagt

gttct
ttgtagt
atga
gt
tcttt
agtttttaa
cgc
catgtctttg
a
t
gaaagatttattag
taccat
tactt
ttttgttcgac
c
cgtt
tta

cgatatgtat
atttt
ac
catgtgtgatc
ctgt
gtggtagtg
ca
ttgt
gacgattct
taaaa
ttgata
ttgtcggaa
ggtttt
g

gtaat

ttcctggttttg
tatctttt
ct
tctttaatatt
ctttgtttaaa
atacg

tggatctcgc


gttctccatttat
tatttg
t
ttgac
ctt
agtaccgc
cattttt

ggtttat
gtgttttg
tttttgcg
tcag
ttagt
tattaatcct
tgttat

gattta
atgtttgtaa
agctct
a
tt
tagt
ttt
taat
agaatttc
caatttaat
gttttcggga
c

tatagtagt
ccatacgggctc
gca
ctgtaa
atggt
tgtcgtgctcgtagttt
ttttggtgtt
attg
gtctcttt
aa
gcttt
agtgtcg
ta
gtc
ata
ttagaacta
attttg
ta
ttgtcgg
cagaat
atattgtcg
tgtt
ttgttttttcg

gggatagttcc

at
gattaca
ctcaatttaatatt
tctatt
ttgaatgtaat
tcgtt
gtactaactg
ga
attatgctt
tggttt

attta
taatta
tttg
t
tg
tatttttt
atagg
tgtcaa
atcaatatgt
aaccttggc
ctcct
ccactt
tatgggt


tctaga
t
tctg

ggtgtaagt
agcaatttca
ttc
ttgactga
t

catttt
ccgt
tagactaatgatg
gcaatt
gaattgtt
tctaataat
tctttag

tct
ttgtgtaata
tat
gtt
agagcttc
ttgat
ctggacttcagt

gtcc
